<?xml version="1.0" encoding="UTF-8"?>
<!-- Generated by org.testng.reporters.JUnitXMLReporter -->
<testsuite hostname="Rajeshk" ignored="0" name="Default test" tests="5" failures="0" timestamp="18 Jan 2019 09:57:21 GMT" time="38.407" errors="0">
  <testcase name="calc" time="10.765" classname="com.orion.automation.desktopapplications.desktop"/>
  <testcase name="calc" time="6.821" classname="com.orion.automation.desktopapplications.desktop"/>
  <testcase name="calc" time="6.8" classname="com.orion.automation.desktopapplications.desktop"/>
  <testcase name="calc" time="6.811" classname="com.orion.automation.desktopapplications.desktop"/>
  <testcase name="calc" time="6.817" classname="com.orion.automation.desktopapplications.desktop"/>
</testsuite> <!-- Default test -->
